<?xml version="1.0" encoding="UTF-8"?>
<testng-results ignored="0" total="3" passed="3" failed="0" skipped="0">
  <reporter-output>
  </reporter-output>
  <suite started-at="2024-09-02T00:14:50 PDT" name="Default suite" finished-at="2024-09-02T00:14:53 PDT" duration-ms="2931">
    <groups>
    </groups>
    <test started-at="2024-09-02T00:14:50 PDT" name="Default test" finished-at="2024-09-02T00:14:53 PDT" duration-ms="2931">
      <class name="files.DynamicJson">
        <test-method signature="addBook(java.lang.String,java.lang.String)[pri:0, instance:files.DynamicJson@397fbdb]" started-at="2024-09-02T00:14:50 PDT" name="addBook" data-provider="BooksData" finished-at="2024-09-02T00:14:52 PDT" duration-ms="2029" status="PASS">
          <params>
            <param index="0">
              <value>
                <![CDATA[ojfwty]]>
              </value>
            </param>
            <param index="1">
              <value>
                <![CDATA[9363]]>
              </value>
            </param>
          </params>
          <reporter-output>
          </reporter-output>
        </test-method> <!-- addBook -->
        <test-method signature="addBook(java.lang.String,java.lang.String)[pri:0, instance:files.DynamicJson@397fbdb]" started-at="2024-09-02T00:14:52 PDT" name="addBook" data-provider="BooksData" finished-at="2024-09-02T00:14:52 PDT" duration-ms="404" status="PASS">
          <params>
            <param index="0">
              <value>
                <![CDATA[cwetee]]>
              </value>
            </param>
            <param index="1">
              <value>
                <![CDATA[4253]]>
              </value>
            </param>
          </params>
          <reporter-output>
          </reporter-output>
        </test-method> <!-- addBook -->
        <test-method signature="addBook(java.lang.String,java.lang.String)[pri:0, instance:files.DynamicJson@397fbdb]" started-at="2024-09-02T00:14:52 PDT" name="addBook" data-provider="BooksData" finished-at="2024-09-02T00:14:53 PDT" duration-ms="454" status="PASS">
          <params>
            <param index="0">
              <value>
                <![CDATA[okmfet]]>
              </value>
            </param>
            <param index="1">
              <value>
                <![CDATA[533]]>
              </value>
            </param>
          </params>
          <reporter-output>
          </reporter-output>
        </test-method> <!-- addBook -->
      </class> <!-- files.DynamicJson -->
    </test> <!-- Default test -->
  </suite> <!-- Default suite -->
</testng-results>
