<?xml version="1.0" encoding="UTF-8"?>
<testng-results ignored="0" total="1" passed="1" failed="0" skipped="0">
  <reporter-output>
  </reporter-output>
  <suite started-at="2024-09-01T11:47:35 IST" name="Default suite" finished-at="2024-09-01T11:47:37 IST" duration-ms="2332">
    <groups>
    </groups>
    <test started-at="2024-09-01T11:47:35 IST" name="Default test" finished-at="2024-09-01T11:47:37 IST" duration-ms="2332">
      <class name="pack1.SumValidation">
        <test-method signature="sumOfCourses()[pri:0, instance:pack1.SumValidation@3514a4c0]" started-at="2024-09-01T11:47:35 IST" name="sumOfCourses" finished-at="2024-09-01T11:47:37 IST" duration-ms="2277" status="PASS">
          <reporter-output>
          </reporter-output>
        </test-method> <!-- sumOfCourses -->
      </class> <!-- pack1.SumValidation -->
    </test> <!-- Default test -->
  </suite> <!-- Default suite -->
</testng-results>
